<?xml version="1.0" encoding="UTF-8"?>
<testsuite name="TestSuite" time="12.248" tests="5" errors="0" skipped="0" failures="2">
  <properties>
    <property name="java.runtime.name" value="Java(TM) SE Runtime Environment"/>
    <property name="sun.boot.library.path" value="C:\Program Files\Java\jdk1.8.0_231\jre\bin"/>
    <property name="java.vm.version" value="25.231-b11"/>
    <property name="java.vm.vendor" value="Oracle Corporation"/>
    <property name="maven.multiModuleProjectDirectory" value="C:\Users\Marco\Documents\Work\stensul\challenge"/>
    <property name="java.vendor.url" value="http://java.oracle.com/"/>
    <property name="path.separator" value=";"/>
    <property name="guice.disable.misplaced.annotation.check" value="true"/>
    <property name="java.vm.name" value="Java HotSpot(TM) 64-Bit Server VM"/>
    <property name="file.encoding.pkg" value="sun.io"/>
    <property name="user.script" value=""/>
    <property name="user.country" value="AR"/>
    <property name="sun.java.launcher" value="SUN_STANDARD"/>
    <property name="sun.os.patch.level" value=""/>
    <property name="java.vm.specification.name" value="Java Virtual Machine Specification"/>
    <property name="user.dir" value="C:\Users\Marco\Documents\Work\stensul\challenge"/>
    <property name="java.runtime.version" value="1.8.0_231-b11"/>
    <property name="java.awt.graphicsenv" value="sun.awt.Win32GraphicsEnvironment"/>
    <property name="basedir" value="C:\Users\Marco\Documents\Work\stensul\challenge"/>
    <property name="java.endorsed.dirs" value="C:\Program Files\Java\jdk1.8.0_231\jre\lib\endorsed"/>
    <property name="os.arch" value="amd64"/>
    <property name="java.io.tmpdir" value="C:\Users\Marco\AppData\Local\Temp\"/>
    <property name="line.separator" value="&#10;"/>
    <property name="java.vm.specification.vendor" value="Oracle Corporation"/>
    <property name="user.variant" value=""/>
    <property name="os.name" value="Windows 10"/>
    <property name="classworlds.conf" value="C:\Program Files\apache-maven-3.6.3\bin\..\bin\m2.conf"/>
    <property name="sun.jnu.encoding" value="Cp1252"/>
    <property name="java.library.path" value="C:\Program Files\Java\jdk1.8.0_231\bin;C:\WINDOWS\Sun\Java\bin;C:\WINDOWS\system32;C:\WINDOWS;C:\Python27\;C:\Python27\Scripts;C:\Program Files (x86)\Common Files\Oracle\Java\javapath;C:\Program Files (x86)\Intel\iCLS Client\;C:\Program Files\Intel\iCLS Client\;C:\WINDOWS\system32;C:\WINDOWS;C:\WINDOWS\System32\Wbem;C:\WINDOWS\System32\WindowsPowerShell\v1.0\;C:\WINDOWS\System32\OpenSSH\;C:\Program Files (x86)\Intel\Intel(R) Management Engine Components\DAL;C:\Program Files\Intel\Intel(R) Management Engine Components\DAL;C:\Program Files (x86)\Intel\Intel(R) Management Engine Components\IPT;C:\Program Files\Intel\Intel(R) Management Engine Components\IPT;C:\Program Files\Git\cmd;C:\Program Files\apache-maven-3.6.3\bin;C:\ProgramData\chocolatey\bin;C:\Program Files\nodejs\;C:\Users\Marco\AppData\Local\Microsoft\WindowsApps;C:\Users\Marco\AppData\Roaming\npm;."/>
    <property name="surefire.test.class.path" value="C:\Users\Marco\Documents\Work\stensul\challenge\target\test-classes;C:\Users\Marco\Documents\Work\stensul\challenge\target\classes;C:\Users\Marco\.m2\repository\io\rest-assured\rest-assured\4.1.2\rest-assured-4.1.2.jar;C:\Users\Marco\.m2\repository\org\codehaus\groovy\groovy\2.5.8\groovy-2.5.8.jar;C:\Users\Marco\.m2\repository\org\codehaus\groovy\groovy-xml\2.5.8\groovy-xml-2.5.8.jar;C:\Users\Marco\.m2\repository\org\apache\httpcomponents\httpmime\4.5.3\httpmime-4.5.3.jar;C:\Users\Marco\.m2\repository\org\hamcrest\hamcrest\2.1\hamcrest-2.1.jar;C:\Users\Marco\.m2\repository\org\ccil\cowan\tagsoup\tagsoup\1.2.1\tagsoup-1.2.1.jar;C:\Users\Marco\.m2\repository\io\rest-assured\json-path\4.1.2\json-path-4.1.2.jar;C:\Users\Marco\.m2\repository\org\codehaus\groovy\groovy-json\2.5.8\groovy-json-2.5.8.jar;C:\Users\Marco\.m2\repository\io\rest-assured\rest-assured-common\4.1.2\rest-assured-common-4.1.2.jar;C:\Users\Marco\.m2\repository\io\rest-assured\xml-path\4.1.2\xml-path-4.1.2.jar;C:\Users\Marco\.m2\repository\org\apache\commons\commons-lang3\3.4\commons-lang3-3.4.jar;C:\Users\Marco\.m2\repository\javax\xml\bind\jaxb-api\2.3.1\jaxb-api-2.3.1.jar;C:\Users\Marco\.m2\repository\javax\activation\javax.activation-api\1.2.0\javax.activation-api-1.2.0.jar;C:\Users\Marco\.m2\repository\com\sun\xml\bind\jaxb-osgi\2.3.0.1\jaxb-osgi-2.3.0.1.jar;C:\Users\Marco\.m2\repository\org\apache\sling\org.apache.sling.javax.activation\0.1.0\org.apache.sling.javax.activation-0.1.0.jar;C:\Users\Marco\.m2\repository\javax\activation\activation\1.1.1\activation-1.1.1.jar;C:\Users\Marco\.m2\repository\org\seleniumhq\selenium\selenium-java\3.141.59\selenium-java-3.141.59.jar;C:\Users\Marco\.m2\repository\org\seleniumhq\selenium\selenium-api\3.141.59\selenium-api-3.141.59.jar;C:\Users\Marco\.m2\repository\org\seleniumhq\selenium\selenium-chrome-driver\3.141.59\selenium-chrome-driver-3.141.59.jar;C:\Users\Marco\.m2\repository\org\seleniumhq\selenium\selenium-edge-driver\3.141.59\selenium-edge-driver-3.141.59.jar;C:\Users\Marco\.m2\repository\org\seleniumhq\selenium\selenium-firefox-driver\3.141.59\selenium-firefox-driver-3.141.59.jar;C:\Users\Marco\.m2\repository\org\seleniumhq\selenium\selenium-ie-driver\3.141.59\selenium-ie-driver-3.141.59.jar;C:\Users\Marco\.m2\repository\org\seleniumhq\selenium\selenium-opera-driver\3.141.59\selenium-opera-driver-3.141.59.jar;C:\Users\Marco\.m2\repository\org\seleniumhq\selenium\selenium-remote-driver\3.141.59\selenium-remote-driver-3.141.59.jar;C:\Users\Marco\.m2\repository\org\seleniumhq\selenium\selenium-safari-driver\3.141.59\selenium-safari-driver-3.141.59.jar;C:\Users\Marco\.m2\repository\org\seleniumhq\selenium\selenium-support\3.141.59\selenium-support-3.141.59.jar;C:\Users\Marco\.m2\repository\net\bytebuddy\byte-buddy\1.8.15\byte-buddy-1.8.15.jar;C:\Users\Marco\.m2\repository\org\apache\commons\commons-exec\1.3\commons-exec-1.3.jar;C:\Users\Marco\.m2\repository\com\google\guava\guava\25.0-jre\guava-25.0-jre.jar;C:\Users\Marco\.m2\repository\com\google\code\findbugs\jsr305\1.3.9\jsr305-1.3.9.jar;C:\Users\Marco\.m2\repository\org\checkerframework\checker-compat-qual\2.0.0\checker-compat-qual-2.0.0.jar;C:\Users\Marco\.m2\repository\com\google\errorprone\error_prone_annotations\2.1.3\error_prone_annotations-2.1.3.jar;C:\Users\Marco\.m2\repository\com\google\j2objc\j2objc-annotations\1.1\j2objc-annotations-1.1.jar;C:\Users\Marco\.m2\repository\org\codehaus\mojo\animal-sniffer-annotations\1.14\animal-sniffer-annotations-1.14.jar;C:\Users\Marco\.m2\repository\com\squareup\okhttp3\okhttp\3.11.0\okhttp-3.11.0.jar;C:\Users\Marco\.m2\repository\com\squareup\okio\okio\1.14.0\okio-1.14.0.jar;C:\Users\Marco\.m2\repository\org\testng\testng\7.0.0\testng-7.0.0.jar;C:\Users\Marco\.m2\repository\com\beust\jcommander\1.72\jcommander-1.72.jar;C:\Users\Marco\.m2\repository\org\assertj\assertj-core\2.5.0\assertj-core-2.5.0.jar;C:\Users\Marco\.m2\repository\com\google\code\gson\gson\2.7\gson-2.7.jar;C:\Users\Marco\.m2\repository\com\google\inject\guice\3.0\guice-3.0.jar;C:\Users\Marco\.m2\repository\javax\inject\javax.inject\1\javax.inject-1.jar;C:\Users\Marco\.m2\repository\aopalliance\aopalliance\1.0\aopalliance-1.0.jar;C:\Users\Marco\.m2\repository\velocity\velocity\1.4\velocity-1.4.jar;C:\Users\Marco\.m2\repository\velocity\velocity-dep\1.4\velocity-dep-1.4.jar;C:\Users\Marco\.m2\repository\org\apache\maven\plugins\maven-surefire-plugin\2.18.1\maven-surefire-plugin-2.18.1.jar;C:\Users\Marco\.m2\repository\org\apache\maven\maven-plugin-api\2.2.1\maven-plugin-api-2.2.1.jar;C:\Users\Marco\.m2\repository\org\apache\maven\surefire\maven-surefire-common\2.18.1\maven-surefire-common-2.18.1.jar;C:\Users\Marco\.m2\repository\org\apache\maven\surefire\surefire-booter\2.18.1\surefire-booter-2.18.1.jar;C:\Users\Marco\.m2\repository\org\apache\maven\maven-plugin-descriptor\2.2.1\maven-plugin-descriptor-2.2.1.jar;C:\Users\Marco\.m2\repository\org\apache\maven\maven-model\2.2.1\maven-model-2.2.1.jar;C:\Users\Marco\.m2\repository\org\apache\maven\surefire\surefire-api\2.18.1\surefire-api-2.18.1.jar;C:\Users\Marco\.m2\repository\org\apache\maven\maven-toolchain\2.2.1\maven-toolchain-2.2.1.jar;C:\Users\Marco\.m2\repository\org\apache\maven\plugin-tools\maven-plugin-annotations\3.3\maven-plugin-annotations-3.3.jar;C:\Users\Marco\.m2\repository\org\uncommons\reportng\1.1.4\reportng-1.1.4.jar;C:\Users\Marco\.m2\repository\com\googlecode\maven-download-plugin\download-maven-plugin\1.3.0\download-maven-plugin-1.3.0.jar;C:\Users\Marco\.m2\repository\org\apache\maven\maven-core\2.0\maven-core-2.0.jar;C:\Users\Marco\.m2\repository\org\apache\maven\maven-settings\2.0\maven-settings-2.0.jar;C:\Users\Marco\.m2\repository\org\apache\maven\wagon\wagon-file\1.0-alpha-5\wagon-file-1.0-alpha-5.jar;C:\Users\Marco\.m2\repository\org\apache\maven\maven-plugin-parameter-documenter\2.0\maven-plugin-parameter-documenter-2.0.jar;C:\Users\Marco\.m2\repository\org\apache\maven\wagon\wagon-http-lightweight\1.0-alpha-5\wagon-http-lightweight-1.0-alpha-5.jar;C:\Users\Marco\.m2\repository\org\apache\maven\reporting\maven-reporting-api\2.0\maven-reporting-api-2.0.jar;C:\Users\Marco\.m2\repository\doxia\doxia-sink-api\1.0-alpha-4\doxia-sink-api-1.0-alpha-4.jar;C:\Users\Marco\.m2\repository\org\apache\maven\maven-profile\2.0\maven-profile-2.0.jar;C:\Users\Marco\.m2\repository\org\codehaus\plexus\plexus-container-default\1.0-alpha-8\plexus-container-default-1.0-alpha-8.jar;C:\Users\Marco\.m2\repository\junit\junit\3.8.1\junit-3.8.1.jar;C:\Users\Marco\.m2\repository\classworlds\classworlds\1.1-alpha-2\classworlds-1.1-alpha-2.jar;C:\Users\Marco\.m2\repository\org\apache\maven\maven-repository-metadata\2.0\maven-repository-metadata-2.0.jar;C:\Users\Marco\.m2\repository\org\apache\maven\maven-error-diagnostics\2.0\maven-error-diagnostics-2.0.jar;C:\Users\Marco\.m2\repository\org\apache\maven\maven-plugin-registry\2.0\maven-plugin-registry-2.0.jar;C:\Users\Marco\.m2\repository\commons-cli\commons-cli\1.0\commons-cli-1.0.jar;C:\Users\Marco\.m2\repository\org\codehaus\plexus\plexus-interactivity-api\1.0-alpha-4\plexus-interactivity-api-1.0-alpha-4.jar;C:\Users\Marco\.m2\repository\org\apache\maven\maven-artifact-manager\2.0\maven-artifact-manager-2.0.jar;C:\Users\Marco\.m2\repository\org\apache\maven\maven-monitor\2.0\maven-monitor-2.0.jar;C:\Users\Marco\.m2\repository\org\apache\maven\wagon\wagon-ssh\1.0-alpha-5\wagon-ssh-1.0-alpha-5.jar;C:\Users\Marco\.m2\repository\com\jcraft\jsch\0.1.23\jsch-0.1.23.jar;C:\Users\Marco\.m2\repository\org\apache\maven\maven-artifact\2.0\maven-artifact-2.0.jar;C:\Users\Marco\.m2\repository\org\apache\maven\maven-project\2.0\maven-project-2.0.jar;C:\Users\Marco\.m2\repository\org\codehaus\plexus\plexus-archiver\3.0.1\plexus-archiver-3.0.1.jar;C:\Users\Marco\.m2\repository\org\codehaus\plexus\plexus-io\2.6\plexus-io-2.6.jar;C:\Users\Marco\.m2\repository\commons-io\commons-io\2.2\commons-io-2.2.jar;C:\Users\Marco\.m2\repository\org\iq80\snappy\snappy\0.3\snappy-0.3.jar;C:\Users\Marco\.m2\repository\org\codehaus\plexus\plexus-utils\1.5.4\plexus-utils-1.5.4.jar;C:\Users\Marco\.m2\repository\org\apache\maven\wagon\wagon-provider-api\2.5\wagon-provider-api-2.5.jar;C:\Users\Marco\.m2\repository\org\apache\httpcomponents\httpclient\4.5.2\httpclient-4.5.2.jar;C:\Users\Marco\.m2\repository\org\apache\httpcomponents\httpcore\4.4.4\httpcore-4.4.4.jar;C:\Users\Marco\.m2\repository\commons-logging\commons-logging\1.2\commons-logging-1.2.jar;C:\Users\Marco\.m2\repository\commons-codec\commons-codec\1.9\commons-codec-1.9.jar;C:\Users\Marco\.m2\repository\org\apache\maven\surefire\surefire-testng-utils\2.18.1\surefire-testng-utils-2.18.1.jar;C:\Users\Marco\.m2\repository\org\apache\maven\surefire\surefire-grouper\2.18.1\surefire-grouper-2.18.1.jar;"/>
    <property name="maven.conf" value="C:\Program Files\apache-maven-3.6.3\bin\../conf"/>
    <property name="java.specification.name" value="Java Platform API Specification"/>
    <property name="java.class.version" value="52.0"/>
    <property name="sun.management.compiler" value="HotSpot 64-Bit Tiered Compilers"/>
    <property name="os.version" value="10.0"/>
    <property name="library.jansi.path" value="C:\Program Files\apache-maven-3.6.3\bin\..\lib\jansi-native"/>
    <property name="user.home" value="C:\Users\Marco"/>
    <property name="user.timezone" value="America/Buenos_Aires"/>
    <property name="java.awt.printerjob" value="sun.awt.windows.WPrinterJob"/>
    <property name="java.specification.version" value="1.8"/>
    <property name="file.encoding" value="Cp1252"/>
    <property name="user.name" value="Marco"/>
    <property name="java.class.path" value="C:\Program Files\apache-maven-3.6.3\bin\..\boot\plexus-classworlds-2.6.0.jar"/>
    <property name="java.vm.specification.version" value="1.8"/>
    <property name="sun.arch.data.model" value="64"/>
    <property name="java.home" value="C:\Program Files\Java\jdk1.8.0_231\jre"/>
    <property name="sun.java.command" value="org.codehaus.plexus.classworlds.launcher.Launcher test"/>
    <property name="java.specification.vendor" value="Oracle Corporation"/>
    <property name="user.language" value="es"/>
    <property name="awt.toolkit" value="sun.awt.windows.WToolkit"/>
    <property name="java.vm.info" value="mixed mode"/>
    <property name="java.version" value="1.8.0_231"/>
    <property name="java.ext.dirs" value="C:\Program Files\Java\jdk1.8.0_231\jre\lib\ext;C:\WINDOWS\Sun\Java\lib\ext"/>
    <property name="sun.boot.class.path" value="C:\Program Files\Java\jdk1.8.0_231\jre\lib\resources.jar;C:\Program Files\Java\jdk1.8.0_231\jre\lib\rt.jar;C:\Program Files\Java\jdk1.8.0_231\jre\lib\sunrsasign.jar;C:\Program Files\Java\jdk1.8.0_231\jre\lib\jsse.jar;C:\Program Files\Java\jdk1.8.0_231\jre\lib\jce.jar;C:\Program Files\Java\jdk1.8.0_231\jre\lib\charsets.jar;C:\Program Files\Java\jdk1.8.0_231\jre\lib\jfr.jar;C:\Program Files\Java\jdk1.8.0_231\jre\classes"/>
    <property name="webdriver.chrome.driver" value="/C:/Users/Marco/Documents/Work/stensul/challenge/target/classes/chromedriver_win32/chromedriver.exe"/>
    <property name="sun.stderr.encoding" value="cp437"/>
    <property name="java.vendor" value="Oracle Corporation"/>
    <property name="maven.home" value="C:\Program Files\apache-maven-3.6.3\bin\.."/>
    <property name="localRepository" value="C:\Users\Marco\.m2\repository"/>
    <property name="file.separator" value="\"/>
    <property name="java.vendor.url.bug" value="http://bugreport.sun.com/bugreport/"/>
    <property name="sun.cpu.endian" value="little"/>
    <property name="sun.io.unicode.encoding" value="UnicodeLittle"/>
    <property name="sun.stdout.encoding" value="cp437"/>
    <property name="sun.desktop" value="windows"/>
    <property name="sun.cpu.isalist" value="amd64"/>
  </properties>
  <testcase name="test_createItem" classname="org.challenge.TestFrontEnd" time="2.377">
    <failure message="Create Item button is not enabled. did not expect to find [true] but found [false]" type="java.lang.AssertionError">java.lang.AssertionError: Create Item button is not enabled. did not expect to find [true] but found [false]
	at org.testng.Assert.fail(Assert.java:97)
	at org.testng.Assert.failNotEquals(Assert.java:969)
	at org.testng.Assert.assertTrue(Assert.java:43)
	at org.challenge.TestFrontEnd.test_createItem(TestFrontEnd.java:47)
</failure>
    <system-out><![CDATA[[TestNGContentHandler] [WARN] It is strongly recommended to add "<!DOCTYPE suite SYSTEM "https://testng.org/testng-1.0.dtd" >" at the top of your file, otherwise TestNG may fail or not work as expected.
]]></system-out>
    <system-err><![CDATA[Starting ChromeDriver 83.0.4103.39 (ccbf011cb2d2b19b506d844400483861342c20cd-refs/branch-heads/4103@{#416}) on port 37384
Only local connections are allowed.
Please see https://chromedriver.chromium.org/security-considerations for suggestions on keeping ChromeDriver safe.
ChromeDriver was started successfully.
[1595711360.330][WARNING]: This version of ChromeDriver has not been tested with Chrome version 84.
jul 25, 2020 6:09:24 PM org.openqa.selenium.remote.ProtocolHandshake createSession
INFORMACIÓN: Detected dialect: W3C
]]></system-err>
  </testcase>
  <testcase name="test_deleteItem" classname="org.challenge.TestFrontEnd" time="0.525">
    <failure message="Not found the card to delete with text: Stranger Things - Simpsons Style 200725060910 expected object to not be null" type="java.lang.AssertionError">java.lang.AssertionError: Not found the card to delete with text: Stranger Things - Simpsons Style 200725060910 expected object to not be null
	at org.testng.Assert.fail(Assert.java:97)
	at org.testng.Assert.assertNotNull(Assert.java:874)
	at org.challenge.TestFrontEnd.test_deleteItem(TestFrontEnd.java:97)
</failure>
    <system-err><![CDATA[Starting ChromeDriver 83.0.4103.39 (ccbf011cb2d2b19b506d844400483861342c20cd-refs/branch-heads/4103@{#416}) on port 12662
Only local connections are allowed.
Please see https://chromedriver.chromium.org/security-considerations for suggestions on keeping ChromeDriver safe.
ChromeDriver was started successfully.
[1595711379.284][WARNING]: This version of ChromeDriver has not been tested with Chrome version 84.
jul 25, 2020 6:09:41 PM org.openqa.selenium.remote.ProtocolHandshake createSession
INFORMACIÓN: Detected dialect: W3C
]]></system-err>
  </testcase>
  <testcase name="test_editItem" classname="org.challenge.TestFrontEnd" time="1.281"/>
  <testcase name="test_findItemWithText" classname="org.challenge.TestFrontEnd" time="0.324"/>
  <testcase name="test_maxDescription" classname="org.challenge.TestFrontEnd" time="7.741"/>
</testsuite>